{"/home/marina/Projects/Repos/autocomplete-project/public/app.js":{"path":"/home/marina/Projects/Repos/autocomplete-project/public/app.js","s":{"1":1,"2":1,"3":0,"4":0,"5":0,"6":0,"7":0,"8":0,"9":0,"10":0,"11":0,"12":0,"13":0,"14":1,"15":0,"16":1,"17":0,"18":1,"19":0,"20":0,"21":0,"22":1,"23":0,"24":0,"25":0,"26":0,"27":0,"28":0,"29":0,"30":0,"31":0,"32":0,"33":0,"34":0,"35":0,"36":1,"37":0,"38":0,"39":0,"40":0,"41":0,"42":1,"43":0,"44":0,"45":0,"46":0,"47":0,"48":0,"49":0,"50":0,"51":0,"52":0,"53":0,"54":0,"55":0,"56":0,"57":1,"58":0,"59":0,"60":0,"61":0,"62":0},"b":{"1":[0,0],"2":[0,0],"3":[0,0],"4":[0,0],"5":[0,0],"6":[0,0],"7":[0,0],"8":[0,0]},"f":{"1":1,"2":0,"3":0,"4":0,"5":0,"6":0,"7":0,"8":0,"9":0,"10":0,"11":0,"12":0,"13":0,"14":0,"15":0},"fnMap":{"1":{"name":"(anonymous_1)","line":1,"loc":{"start":{"line":1,"column":20},"end":{"line":1,"column":31}}},"2":{"name":"(anonymous_2)","line":9,"loc":{"start":{"line":9,"column":23},"end":{"line":9,"column":34}}},"3":{"name":"showSuggestionList","line":21,"loc":{"start":{"line":21,"column":2},"end":{"line":21,"column":32}}},"4":{"name":"hideSuggestionList","line":25,"loc":{"start":{"line":25,"column":2},"end":{"line":25,"column":32}}},"5":{"name":"clearListItems","line":29,"loc":{"start":{"line":29,"column":2},"end":{"line":29,"column":28}}},"6":{"name":"sendRequest","line":36,"loc":{"start":{"line":36,"column":2},"end":{"line":36,"column":25}}},"7":{"name":"(anonymous_7)","line":42,"loc":{"start":{"line":42,"column":29},"end":{"line":42,"column":40}}},"8":{"name":"updateDOM","line":55,"loc":{"start":{"line":55,"column":2},"end":{"line":55,"column":42}}},"9":{"name":"(anonymous_9)","line":60,"loc":{"start":{"line":60,"column":20},"end":{"line":60,"column":38}}},"10":{"name":"addListenersToMatchItems","line":66,"loc":{"start":{"line":66,"column":2},"end":{"line":66,"column":38}}},"11":{"name":"(anonymous_11)","line":69,"loc":{"start":{"line":69,"column":7},"end":{"line":69,"column":19}}},"12":{"name":"(anonymous_12)","line":70,"loc":{"start":{"line":70,"column":49},"end":{"line":70,"column":61}}},"13":{"name":"(anonymous_13)","line":82,"loc":{"start":{"line":82,"column":22},"end":{"line":82,"column":33}}},"14":{"name":"(anonymous_14)","line":86,"loc":{"start":{"line":86,"column":26},"end":{"line":86,"column":38}}},"15":{"name":"redirectToGoogle","line":92,"loc":{"start":{"line":92,"column":2},"end":{"line":92,"column":30}}}},"statementMap":{"1":{"start":{"line":1,"column":0},"end":{"line":107,"column":5}},"2":{"start":{"line":3,"column":2},"end":{"line":3,"column":58}},"3":{"start":{"line":4,"column":2},"end":{"line":4,"column":76}},"4":{"start":{"line":5,"column":2},"end":{"line":5,"column":56}},"5":{"start":{"line":6,"column":2},"end":{"line":6,"column":22}},"6":{"start":{"line":7,"column":2},"end":{"line":7,"column":21}},"7":{"start":{"line":9,"column":2},"end":{"line":19,"column":3}},"8":{"start":{"line":11,"column":4},"end":{"line":18,"column":5}},"9":{"start":{"line":12,"column":6},"end":{"line":12,"column":27}},"10":{"start":{"line":13,"column":6},"end":{"line":13,"column":23}},"11":{"start":{"line":15,"column":9},"end":{"line":18,"column":5}},"12":{"start":{"line":16,"column":6},"end":{"line":16,"column":20}},"13":{"start":{"line":17,"column":6},"end":{"line":17,"column":27}},"14":{"start":{"line":21,"column":2},"end":{"line":23,"column":3}},"15":{"start":{"line":22,"column":4},"end":{"line":22,"column":79}},"16":{"start":{"line":25,"column":2},"end":{"line":27,"column":3}},"17":{"start":{"line":26,"column":4},"end":{"line":26,"column":76}},"18":{"start":{"line":29,"column":2},"end":{"line":34,"column":3}},"19":{"start":{"line":30,"column":4},"end":{"line":33,"column":5}},"20":{"start":{"line":31,"column":6},"end":{"line":31,"column":39}},"21":{"start":{"line":32,"column":6},"end":{"line":32,"column":28}},"22":{"start":{"line":36,"column":2},"end":{"line":52,"column":3}},"23":{"start":{"line":37,"column":4},"end":{"line":37,"column":40}},"24":{"start":{"line":38,"column":4},"end":{"line":38,"column":28}},"25":{"start":{"line":39,"column":4},"end":{"line":39,"column":33}},"26":{"start":{"line":40,"column":4},"end":{"line":40,"column":37}},"27":{"start":{"line":41,"column":4},"end":{"line":41,"column":35}},"28":{"start":{"line":42,"column":4},"end":{"line":49,"column":6}},"29":{"start":{"line":43,"column":6},"end":{"line":48,"column":7}},"30":{"start":{"line":44,"column":8},"end":{"line":44,"column":25}},"31":{"start":{"line":45,"column":8},"end":{"line":45,"column":52}},"32":{"start":{"line":46,"column":8},"end":{"line":46,"column":31}},"33":{"start":{"line":47,"column":8},"end":{"line":47,"column":39}},"34":{"start":{"line":50,"column":4},"end":{"line":50,"column":31}},"35":{"start":{"line":51,"column":4},"end":{"line":51,"column":15}},"36":{"start":{"line":55,"column":2},"end":{"line":63,"column":3}},"37":{"start":{"line":56,"column":4},"end":{"line":59,"column":5}},"38":{"start":{"line":57,"column":6},"end":{"line":57,"column":36}},"39":{"start":{"line":58,"column":6},"end":{"line":58,"column":71}},"40":{"start":{"line":60,"column":4},"end":{"line":62,"column":6}},"41":{"start":{"line":61,"column":6},"end":{"line":61,"column":99}},"42":{"start":{"line":66,"column":2},"end":{"line":78,"column":3}},"43":{"start":{"line":67,"column":4},"end":{"line":67,"column":71}},"44":{"start":{"line":68,"column":4},"end":{"line":77,"column":5}},"45":{"start":{"line":69,"column":6},"end":{"line":76,"column":12}},"46":{"start":{"line":70,"column":8},"end":{"line":75,"column":11}},"47":{"start":{"line":71,"column":10},"end":{"line":71,"column":29}},"48":{"start":{"line":72,"column":10},"end":{"line":72,"column":43}},"49":{"start":{"line":73,"column":10},"end":{"line":73,"column":104}},"50":{"start":{"line":74,"column":10},"end":{"line":74,"column":29}},"51":{"start":{"line":80,"column":2},"end":{"line":80,"column":29}},"52":{"start":{"line":82,"column":2},"end":{"line":84,"column":3}},"53":{"start":{"line":83,"column":4},"end":{"line":83,"column":23}},"54":{"start":{"line":86,"column":2},"end":{"line":90,"column":3}},"55":{"start":{"line":87,"column":4},"end":{"line":89,"column":5}},"56":{"start":{"line":88,"column":6},"end":{"line":88,"column":25}},"57":{"start":{"line":92,"column":2},"end":{"line":98,"column":3}},"58":{"start":{"line":93,"column":4},"end":{"line":93,"column":60}},"59":{"start":{"line":94,"column":4},"end":{"line":97,"column":5}},"60":{"start":{"line":95,"column":6},"end":{"line":95,"column":68}},"61":{"start":{"line":96,"column":6},"end":{"line":96,"column":30}},"62":{"start":{"line":101,"column":3},"end":{"line":106,"column":5}}},"branchMap":{"1":{"line":11,"type":"if","locations":[{"start":{"line":11,"column":4},"end":{"line":11,"column":4}},{"start":{"line":11,"column":4},"end":{"line":11,"column":4}}]},"2":{"line":15,"type":"if","locations":[{"start":{"line":15,"column":9},"end":{"line":15,"column":9}},{"start":{"line":15,"column":9},"end":{"line":15,"column":9}}]},"3":{"line":43,"type":"if","locations":[{"start":{"line":43,"column":6},"end":{"line":43,"column":6}},{"start":{"line":43,"column":6},"end":{"line":43,"column":6}}]},"4":{"line":43,"type":"binary-expr","locations":[{"start":{"line":43,"column":10},"end":{"line":43,"column":30}},{"start":{"line":43,"column":34},"end":{"line":43,"column":51}}]},"5":{"line":56,"type":"if","locations":[{"start":{"line":56,"column":4},"end":{"line":56,"column":4}},{"start":{"line":56,"column":4},"end":{"line":56,"column":4}}]},"6":{"line":73,"type":"cond-expr","locations":[{"start":{"line":73,"column":51},"end":{"line":73,"column":85}},{"start":{"line":73,"column":88},"end":{"line":73,"column":103}}]},"7":{"line":87,"type":"if","locations":[{"start":{"line":87,"column":4},"end":{"line":87,"column":4}},{"start":{"line":87,"column":4},"end":{"line":87,"column":4}}]},"8":{"line":94,"type":"if","locations":[{"start":{"line":94,"column":4},"end":{"line":94,"column":4}},{"start":{"line":94,"column":4},"end":{"line":94,"column":4}}]}}}}