{"/home/marina/Projects/Repos/autocomplete-project/src/readDictionary.js":{"path":"/home/marina/Projects/Repos/autocomplete-project/src/readDictionary.js","s":{"1":1,"2":1,"3":3,"4":3,"5":3,"6":3,"7":0,"8":0,"9":3,"10":10008,"11":3,"12":1},"b":{"1":[3,0],"2":[3,3],"3":[0,3]},"f":{"1":3,"2":3,"3":10008},"fnMap":{"1":{"name":"readDictionary","line":5,"loc":{"start":{"line":5,"column":0},"end":{"line":5,"column":52}}},"2":{"name":"(anonymous_2)","line":8,"loc":{"start":{"line":8,"column":48},"end":{"line":8,"column":67}}},"3":{"name":"(anonymous_3)","line":13,"loc":{"start":{"line":13,"column":61},"end":{"line":13,"column":72}}}},"statementMap":{"1":{"start":{"line":1,"column":0},"end":{"line":1,"column":23}},"2":{"start":{"line":5,"column":0},"end":{"line":16,"column":1}},"3":{"start":{"line":6,"column":2},"end":{"line":6,"column":51}},"4":{"start":{"line":7,"column":2},"end":{"line":7,"column":35}},"5":{"start":{"line":8,"column":2},"end":{"line":15,"column":4}},"6":{"start":{"line":9,"column":4},"end":{"line":12,"column":5}},"7":{"start":{"line":10,"column":6},"end":{"line":10,"column":23}},"8":{"start":{"line":11,"column":6},"end":{"line":11,"column":13}},"9":{"start":{"line":13,"column":4},"end":{"line":13,"column":91}},"10":{"start":{"line":13,"column":73},"end":{"line":13,"column":88}},"11":{"start":{"line":14,"column":4},"end":{"line":14,"column":9}},"12":{"start":{"line":17,"column":0},"end":{"line":20,"column":1}}},"branchMap":{"1":{"line":6,"type":"binary-expr","locations":[{"start":{"line":6,"column":17},"end":{"line":6,"column":29}},{"start":{"line":6,"column":33},"end":{"line":6,"column":50}}]},"2":{"line":7,"type":"binary-expr","locations":[{"start":{"line":7,"column":14},"end":{"line":7,"column":23}},{"start":{"line":7,"column":27},"end":{"line":7,"column":34}}]},"3":{"line":9,"type":"if","locations":[{"start":{"line":9,"column":4},"end":{"line":9,"column":4}},{"start":{"line":9,"column":4},"end":{"line":9,"column":4}}]}}},"/home/marina/Projects/Repos/autocomplete-project/src/wordSearch.js":{"path":"/home/marina/Projects/Repos/autocomplete-project/src/wordSearch.js","s":{"1":1,"2":1,"3":1,"4":3,"5":0,"6":3,"7":3,"8":3,"9":30000,"10":30000,"11":9950,"12":20050,"13":7,"14":3,"15":1},"b":{"1":[0,3],"2":[3,3],"3":[9950,20050],"4":[7,20043]},"f":{"1":3,"2":30000},"fnMap":{"1":{"name":"wordSearch","line":4,"loc":{"start":{"line":4,"column":0},"end":{"line":4,"column":25}}},"2":{"name":"(anonymous_2)","line":11,"loc":{"start":{"line":11,"column":36},"end":{"line":11,"column":50}}}},"statementMap":{"1":{"start":{"line":1,"column":0},"end":{"line":1,"column":23}},"2":{"start":{"line":2,"column":0},"end":{"line":2,"column":52}},"3":{"start":{"line":4,"column":0},"end":{"line":22,"column":1}},"4":{"start":{"line":5,"column":2},"end":{"line":7,"column":3}},"5":{"start":{"line":6,"column":4},"end":{"line":6,"column":14}},"6":{"start":{"line":8,"column":2},"end":{"line":8,"column":54}},"7":{"start":{"line":9,"column":2},"end":{"line":9,"column":25}},"8":{"start":{"line":11,"column":2},"end":{"line":19,"column":5}},"9":{"start":{"line":12,"column":4},"end":{"line":12,"column":41}},"10":{"start":{"line":13,"column":4},"end":{"line":15,"column":5}},"11":{"start":{"line":14,"column":6},"end":{"line":14,"column":27}},"12":{"start":{"line":16,"column":4},"end":{"line":18,"column":5}},"13":{"start":{"line":17,"column":6},"end":{"line":17,"column":31}},"14":{"start":{"line":21,"column":2},"end":{"line":21,"column":23}},"15":{"start":{"line":25,"column":0},"end":{"line":25,"column":28}}},"branchMap":{"1":{"line":5,"type":"if","locations":[{"start":{"line":5,"column":2},"end":{"line":5,"column":2}},{"start":{"line":5,"column":2},"end":{"line":5,"column":2}}]},"2":{"line":5,"type":"binary-expr","locations":[{"start":{"line":5,"column":5},"end":{"line":5,"column":16}},{"start":{"line":5,"column":20},"end":{"line":5,"column":30}}]},"3":{"line":13,"type":"if","locations":[{"start":{"line":13,"column":4},"end":{"line":13,"column":4}},{"start":{"line":13,"column":4},"end":{"line":13,"column":4}}]},"4":{"line":16,"type":"if","locations":[{"start":{"line":16,"column":4},"end":{"line":16,"column":4}},{"start":{"line":16,"column":4},"end":{"line":16,"column":4}}]}}},"/home/marina/Projects/Repos/autocomplete-project/src/handler.js":{"path":"/home/marina/Projects/Repos/autocomplete-project/src/handler.js","s":{"1":1,"2":1,"3":1,"4":1,"5":0,"6":0,"7":0,"8":0,"9":0,"10":0,"11":0,"12":0,"13":0,"14":0,"15":0,"16":0,"17":0,"18":0,"19":0,"20":0,"21":1},"b":{"1":[0,0],"2":[0,0],"3":[0,0],"4":[0,0],"5":[0,0]},"f":{"1":0,"2":0},"fnMap":{"1":{"name":"(anonymous_1)","line":14,"loc":{"start":{"line":14,"column":14},"end":{"line":14,"column":40}}},"2":{"name":"(anonymous_2)","line":18,"loc":{"start":{"line":18,"column":55},"end":{"line":18,"column":77}}}},"statementMap":{"1":{"start":{"line":1,"column":0},"end":{"line":1,"column":44}},"2":{"start":{"line":2,"column":0},"end":{"line":2,"column":23}},"3":{"start":{"line":6,"column":0},"end":{"line":12,"column":1}},"4":{"start":{"line":14,"column":0},"end":{"line":35,"column":2}},"5":{"start":{"line":15,"column":2},"end":{"line":15,"column":53}},"6":{"start":{"line":16,"column":2},"end":{"line":16,"column":52}},"7":{"start":{"line":17,"column":2},"end":{"line":34,"column":3}},"8":{"start":{"line":18,"column":4},"end":{"line":25,"column":7}},"9":{"start":{"line":19,"column":4},"end":{"line":22,"column":5}},"10":{"start":{"line":20,"column":6},"end":{"line":20,"column":26}},"11":{"start":{"line":21,"column":6},"end":{"line":21,"column":13}},"12":{"start":{"line":23,"column":4},"end":{"line":23,"column":104}},"13":{"start":{"line":24,"column":4},"end":{"line":24,"column":23}},"14":{"start":{"line":26,"column":9},"end":{"line":34,"column":3}},"15":{"start":{"line":27,"column":4},"end":{"line":27,"column":61}},"16":{"start":{"line":28,"column":4},"end":{"line":28,"column":68}},"17":{"start":{"line":29,"column":4},"end":{"line":29,"column":26}},"18":{"start":{"line":31,"column":4},"end":{"line":31,"column":61}},"19":{"start":{"line":32,"column":4},"end":{"line":32,"column":66}},"20":{"start":{"line":33,"column":4},"end":{"line":33,"column":19}},"21":{"start":{"line":37,"column":0},"end":{"line":37,"column":25}}},"branchMap":{"1":{"line":15,"type":"binary-expr","locations":[{"start":{"line":15,"column":17},"end":{"line":15,"column":42}},{"start":{"line":15,"column":46},"end":{"line":15,"column":52}}]},"2":{"line":17,"type":"if","locations":[{"start":{"line":17,"column":2},"end":{"line":17,"column":2}},{"start":{"line":17,"column":2},"end":{"line":17,"column":2}}]},"3":{"line":19,"type":"if","locations":[{"start":{"line":19,"column":4},"end":{"line":19,"column":4}},{"start":{"line":19,"column":4},"end":{"line":19,"column":4}}]},"4":{"line":23,"type":"cond-expr","locations":[{"start":{"line":23,"column":76},"end":{"line":23,"column":88}},{"start":{"line":23,"column":91},"end":{"line":23,"column":99}}]},"5":{"line":26,"type":"if","locations":[{"start":{"line":26,"column":9},"end":{"line":26,"column":9}},{"start":{"line":26,"column":9},"end":{"line":26,"column":9}}]}}}}