TN:
SF:/home/marina/Projects/Repos/autocomplete-project/public/app.js
FN:1,(anonymous_1)
FN:9,(anonymous_2)
FN:21,showSuggestionList
FN:25,hideSuggestionList
FN:29,clearListItems
FN:36,sendRequest
FN:42,(anonymous_7)
FN:55,updateDOM
FN:60,(anonymous_9)
FN:66,addListenersToMatchItems
FN:69,(anonymous_11)
FN:70,(anonymous_12)
FN:82,(anonymous_13)
FN:86,(anonymous_14)
FN:92,redirectToGoogle
FNF:15
FNH:1
FNDA:1,(anonymous_1)
FNDA:0,(anonymous_2)
FNDA:0,showSuggestionList
FNDA:0,hideSuggestionList
FNDA:0,clearListItems
FNDA:0,sendRequest
FNDA:0,(anonymous_7)
FNDA:0,updateDOM
FNDA:0,(anonymous_9)
FNDA:0,addListenersToMatchItems
FNDA:0,(anonymous_11)
FNDA:0,(anonymous_12)
FNDA:0,(anonymous_13)
FNDA:0,(anonymous_14)
FNDA:0,redirectToGoogle
DA:1,1
DA:3,1
DA:4,0
DA:5,0
DA:6,0
DA:7,0
DA:9,0
DA:11,0
DA:12,0
DA:13,0
DA:15,0
DA:16,0
DA:17,0
DA:21,1
DA:22,0
DA:25,1
DA:26,0
DA:29,1
DA:30,0
DA:31,0
DA:32,0
DA:36,1
DA:37,0
DA:38,0
DA:39,0
DA:40,0
DA:41,0
DA:42,0
DA:43,0
DA:44,0
DA:45,0
DA:46,0
DA:47,0
DA:50,0
DA:51,0
DA:55,1
DA:56,0
DA:57,0
DA:58,0
DA:60,0
DA:61,0
DA:66,1
DA:67,0
DA:68,0
DA:69,0
DA:70,0
DA:71,0
DA:72,0
DA:73,0
DA:74,0
DA:80,0
DA:82,0
DA:83,0
DA:86,0
DA:87,0
DA:88,0
DA:92,1
DA:93,0
DA:94,0
DA:95,0
DA:96,0
DA:101,0
LF:62
LH:9
BRDA:11,1,0,0
BRDA:11,1,1,0
BRDA:15,2,0,0
BRDA:15,2,1,0
BRDA:43,3,0,0
BRDA:43,3,1,0
BRDA:43,4,0,0
BRDA:43,4,1,0
BRDA:56,5,0,0
BRDA:56,5,1,0
BRDA:73,6,0,0
BRDA:73,6,1,0
BRDA:87,7,0,0
BRDA:87,7,1,0
BRDA:94,8,0,0
BRDA:94,8,1,0
BRF:16
BRH:0
end_of_record
