TN:
SF:/home/marina/Projects/Repos/autocomplete-project/src/readDictionary.js
FN:5,readDictionary
FN:8,(anonymous_2)
FN:13,(anonymous_3)
FNF:3
FNH:3
FNDA:3,readDictionary
FNDA:3,(anonymous_2)
FNDA:10008,(anonymous_3)
DA:1,1
DA:5,1
DA:6,3
DA:7,3
DA:8,3
DA:9,3
DA:10,0
DA:11,0
DA:13,10008
DA:14,3
DA:17,1
LF:11
LH:9
BRDA:6,1,0,3
BRDA:6,1,1,0
BRDA:7,2,0,3
BRDA:7,2,1,3
BRDA:9,3,0,0
BRDA:9,3,1,3
BRF:6
BRH:4
end_of_record
TN:
SF:/home/marina/Projects/Repos/autocomplete-project/src/wordSearch.js
FN:4,wordSearch
FN:11,(anonymous_2)
FNF:2
FNH:2
FNDA:3,wordSearch
FNDA:30000,(anonymous_2)
DA:1,1
DA:2,1
DA:4,1
DA:5,3
DA:6,0
DA:8,3
DA:9,3
DA:11,3
DA:12,30000
DA:13,30000
DA:14,9950
DA:16,20050
DA:17,7
DA:21,3
DA:25,1
LF:15
LH:14
BRDA:5,1,0,0
BRDA:5,1,1,3
BRDA:5,2,0,3
BRDA:5,2,1,3
BRDA:13,3,0,9950
BRDA:13,3,1,20050
BRDA:16,4,0,7
BRDA:16,4,1,20043
BRF:8
BRH:7
end_of_record
TN:
SF:/home/marina/Projects/Repos/autocomplete-project/src/handler.js
FN:14,(anonymous_1)
FN:18,(anonymous_2)
FNF:2
FNH:0
FNDA:0,(anonymous_1)
FNDA:0,(anonymous_2)
DA:1,1
DA:2,1
DA:6,1
DA:14,1
DA:15,0
DA:16,0
DA:17,0
DA:18,0
DA:19,0
DA:20,0
DA:21,0
DA:23,0
DA:24,0
DA:26,0
DA:27,0
DA:28,0
DA:29,0
DA:31,0
DA:32,0
DA:33,0
DA:37,1
LF:21
LH:5
BRDA:15,1,0,0
BRDA:15,1,1,0
BRDA:17,2,0,0
BRDA:17,2,1,0
BRDA:19,3,0,0
BRDA:19,3,1,0
BRDA:23,4,0,0
BRDA:23,4,1,0
BRDA:26,5,0,0
BRDA:26,5,1,0
BRF:10
BRH:0
end_of_record
